Using pre-set license
Built from '2021.3/staging' branch; Version is '2021.3.5f1 (40eb3a945986) revision 4254522'; Using compiler version '192829333'; Build Type 'Release'
OS: 'Windows 10  (10.0.19045) 64bit Core' Language: 'en' Physical Memory: 16294 MB
BatchMode: 1, IsHumanControllingUs: 0, StartBugReporterOnCrash: 0, Is64bit: 1, IsPro: 1

COMMAND LINE ARGUMENTS:
C:\Program Files\Unity\Hub\Editor\2021.3.5f1\Editor\Unity.exe
-adb2
-batchMode
-noUpm
-name
AssetImportWorker4
-projectPath
C:/Users/Owner/GAME351HW1
-logFile
Logs/AssetImportWorker4.log
-srvPort
58111
Successfully changed project path to: C:/Users/Owner/GAME351HW1
C:/Users/Owner/GAME351HW1
[UnityMemory] Configuration Parameters - Can be set up in boot.config
    "memorysetup-bucket-allocator-granularity=16"
    "memorysetup-bucket-allocator-bucket-count=8"
    "memorysetup-bucket-allocator-block-size=33554432"
    "memorysetup-bucket-allocator-block-count=8"
    "memorysetup-main-allocator-block-size=16777216"
    "memorysetup-thread-allocator-block-size=16777216"
    "memorysetup-gfx-main-allocator-block-size=16777216"
    "memorysetup-gfx-thread-allocator-block-size=16777216"
    "memorysetup-cache-allocator-block-size=4194304"
    "memorysetup-typetree-allocator-block-size=2097152"
    "memorysetup-profiler-bucket-allocator-granularity=16"
    "memorysetup-profiler-bucket-allocator-bucket-count=8"
    "memorysetup-profiler-bucket-allocator-block-size=33554432"
    "memorysetup-profiler-bucket-allocator-block-count=8"
    "memorysetup-profiler-allocator-block-size=16777216"
    "memorysetup-profiler-editor-allocator-block-size=1048576"
    "memorysetup-temp-allocator-size-main=16777216"
    "memorysetup-job-temp-allocator-block-size=2097152"
    "memorysetup-job-temp-allocator-block-size-background=1048576"
    "memorysetup-job-temp-allocator-reduction-small-platforms=262144"
    "memorysetup-temp-allocator-size-background-worker=32768"
    "memorysetup-temp-allocator-size-job-worker=262144"
    "memorysetup-temp-allocator-size-preload-manager=33554432"
    "memorysetup-temp-allocator-size-nav-mesh-worker=65536"
    "memorysetup-temp-allocator-size-audio-worker=65536"
    "memorysetup-temp-allocator-size-cloud-worker=32768"
    "memorysetup-temp-allocator-size-gi-baking-worker=262144"
    "memorysetup-temp-allocator-size-gfx=262144"
Refreshing native plugins compatible for Editor in 63.98 ms, found 3 plugins.
Preloading 0 native plugins for Editor in 0.00 ms.
Initialize engine version: 2021.3.5f1 (40eb3a945986)
[Subsystems] Discovering subsystems at path C:/Program Files/Unity/Hub/Editor/2021.3.5f1/Editor/Data/Resources/UnitySubsystems
[Subsystems] Discovering subsystems at path C:/Users/Owner/GAME351HW1/Assets
GfxDevice: creating device client; threaded=0; jobified=0
Direct3D:
    Version:  Direct3D 11.0 [level 11.1]
    Renderer: NVIDIA GeForce RTX 3060 (ID=0x2504)
    Vendor:   NVIDIA
    VRAM:     12115 MB
    Driver:   32.0.15.6094
Initialize mono
Mono path[0] = 'C:/Program Files/Unity/Hub/Editor/2021.3.5f1/Editor/Data/Managed'
Mono path[1] = 'C:/Program Files/Unity/Hub/Editor/2021.3.5f1/Editor/Data/MonoBleedingEdge/lib/mono/unityjit-win32'
Mono config path = 'C:/Program Files/Unity/Hub/Editor/2021.3.5f1/Editor/Data/MonoBleedingEdge/etc'
Using monoOptions --debugger-agent=transport=dt_socket,embedding=1,server=y,suspend=n,address=127.0.0.1:56896
Begin MonoManager ReloadAssembly
Registering precompiled unity dll's ...
Register platform support module: C:/Program Files/Unity/Hub/Editor/2021.3.5f1/Editor/Data/PlaybackEngines/WindowsStandaloneSupport/UnityEditor.WindowsStandalone.Extensions.dll
Registered in 0.007995 seconds.
Native extension for WindowsStandalone target not found
Refreshing native plugins compatible for Editor in 55.70 ms, found 3 plugins.
Preloading 0 native plugins for Editor in 0.00 ms.
Mono: successfully reloaded assembly
- Completed reload, in  0.467 seconds
Domain Reload Profiling:
	ReloadAssembly (467ms)
		BeginReloadAssembly (60ms)
			ExecutionOrderSort (0ms)
			DisableScriptedObjects (0ms)
			BackupInstance (0ms)
			ReleaseScriptingObjects (0ms)
			CreateAndSetChildDomain (1ms)
		EndReloadAssembly (315ms)
			LoadAssemblies (58ms)
			RebuildTransferFunctionScriptingTraits (0ms)
			SetupTypeCache (70ms)
			ReleaseScriptCaches (0ms)
			RebuildScriptCaches (19ms)
			SetupLoadedEditorAssemblies (186ms)
				LogAssemblyErrors (0ms)
				InitializePlatformSupportModulesInManaged (7ms)
				SetLoadedEditorAssemblies (0ms)
				RefreshPlugins (56ms)
				BeforeProcessingInitializeOnLoad (1ms)
				ProcessInitializeOnLoadAttributes (89ms)
				ProcessInitializeOnLoadMethodAttributes (32ms)
				AfterProcessingInitializeOnLoad (0ms)
				EditorAssembliesLoaded (0ms)
			ExecutionOrderSort2 (0ms)
			AwakeInstancesAfterBackupRestoration (0ms)
Platform modules already initialized, skipping
Registering precompiled user dll's ...
Registered in 0.004894 seconds.
Begin MonoManager ReloadAssembly
Symbol file LoadedFromMemory doesn't match image C:\Users\Owner\GAME351HW1\Library\PackageCache\com.unity.visualscripting@1.7.8\Editor\VisualScripting.Core\Dependencies\YamlDotNet\Unity.VisualScripting.YamlDotNet.dll
Symbol file LoadedFromMemory doesn't match image C:\Users\Owner\GAME351HW1\Library\PackageCache\com.unity.visualscripting@1.7.8\Editor\VisualScripting.Core\Dependencies\DotNetZip\Unity.VisualScripting.IonicZip.dll
Native extension for WindowsStandalone target not found
Refreshing native plugins compatible for Editor in 0.61 ms, found 3 plugins.
Preloading 0 native plugins for Editor in 0.00 ms.
Mono: successfully reloaded assembly
- Completed reload, in  0.731 seconds
Domain Reload Profiling:
	ReloadAssembly (732ms)
		BeginReloadAssembly (91ms)
			ExecutionOrderSort (0ms)
			DisableScriptedObjects (5ms)
			BackupInstance (0ms)
			ReleaseScriptingObjects (0ms)
			CreateAndSetChildDomain (17ms)
		EndReloadAssembly (551ms)
			LoadAssemblies (65ms)
			RebuildTransferFunctionScriptingTraits (0ms)
			SetupTypeCache (142ms)
			ReleaseScriptCaches (1ms)
			RebuildScriptCaches (34ms)
			SetupLoadedEditorAssemblies (286ms)
				LogAssemblyErrors (0ms)
				InitializePlatformSupportModulesInManaged (5ms)
				SetLoadedEditorAssemblies (0ms)
				RefreshPlugins (1ms)
				BeforeProcessingInitializeOnLoad (64ms)
				ProcessInitializeOnLoadAttributes (194ms)
				ProcessInitializeOnLoadMethodAttributes (13ms)
				AfterProcessingInitializeOnLoad (10ms)
				EditorAssembliesLoaded (0ms)
			ExecutionOrderSort2 (0ms)
			AwakeInstancesAfterBackupRestoration (4ms)
Platform modules already initialized, skipping
========================================================================
Worker process is ready to serve import requests
Launched and connected shader compiler UnityShaderCompiler.exe after 0.04 seconds
Refreshing native plugins compatible for Editor in 0.62 ms, found 3 plugins.
Preloading 0 native plugins for Editor in 0.00 ms.
Unloading 3314 Unused Serialized files (Serialized files now loaded: 0)
Unloading 22 unused Assets / (102.0 KB). Loaded Objects now: 3810.
Memory consumption went from 158.2 MB to 158.1 MB.
Total: 2.728300 ms (FindLiveObjects: 0.250900 ms CreateObjectMapping: 0.082900 ms MarkObjects: 2.268200 ms  DeleteObjects: 0.125700 ms)

AssetImportParameters requested are different than current active one (requested -> active):
  custom:video-decoder-ogg-theora: a1e56fd34408186e4bbccfd4996cb3dc -> 
  custom:container-muxer-webm: aa71ff27fc2769a1b78a27578f13a17b -> 
  custom:container-demuxer-webm: 4f35f7cbe854078d1ac9338744f61a02 -> 
  custom:video-encoder-webm-vp8: eb34c28f22e8b96e1ab97ce403110664 -> 
  custom:audio-encoder-webm-vorbis: bf7c407c2cedff20999df2af8eb42d56 -> 
  custom:framework-win-MediaFoundation: 216162199b28c13a410421893ffa2e32 -> 
  custom:container-demuxer-ogg: 62fdf1f143b41e24485cea50d1cbac27 -> 
  custom:video-decoder-webm-vp8: 9c59270c3fd7afecdb556c50c9e8de78 -> 
  custom:audio-decoder-ogg-vorbis: bf7c407c2cedff20999df2af8eb42d56 -> 
========================================================================
Received Import Request.
  Time since last request: 97443.618962 seconds.
  path: Assets/Taylors Village Textures/Scorched Earth.mat
  artifactKey: Guid(0c0d86fdf9e39e84cb921b1efcd7beb6) Importer(815301076,1909f56bfc062723c751e8b465ee728b)
Start importing Assets/Taylors Village Textures/Scorched Earth.mat using Guid(0c0d86fdf9e39e84cb921b1efcd7beb6) Importer(815301076,1909f56bfc062723c751e8b465ee728b)  -> (artifact id: '77ef3732d6c07217ed81896fea82f07e') in 0.106141 seconds 
========================================================================
Received Import Request.
  Time since last request: 189.024663 seconds.
  path: Assets/Medival_House/Prefabs
  artifactKey: Guid(04855e18ba0d9394a8e006e9e54c9e4c) Importer(815301076,1909f56bfc062723c751e8b465ee728b)
Start importing Assets/Medival_House/Prefabs using Guid(04855e18ba0d9394a8e006e9e54c9e4c) Importer(815301076,1909f56bfc062723c751e8b465ee728b)  -> (artifact id: '9ee0e654e28c80f4ff673438c0408183') in 0.002514 seconds 
========================================================================
Received Import Request.
  Time since last request: 1.125500 seconds.
  path: Assets/Medival_House/Prefabs/Houses
  artifactKey: Guid(c3a35ec8452fc5e4780f171785752d80) Importer(815301076,1909f56bfc062723c751e8b465ee728b)
Start importing Assets/Medival_House/Prefabs/Houses using Guid(c3a35ec8452fc5e4780f171785752d80) Importer(815301076,1909f56bfc062723c751e8b465ee728b)  -> (artifact id: 'a27ff405de331055cbf6be5086beb293') in 0.012708 seconds 
========================================================================
Received Import Request.
  Time since last request: 0.059309 seconds.
  path: Assets/Medival_House/Prefabs/Houses/Medival _House_02.prefab
  artifactKey: Guid(94ab8494a7e97d64589d8d825e6844e4) Importer(815301076,1909f56bfc062723c751e8b465ee728b)
Start importing Assets/Medival_House/Prefabs/Houses/Medival _House_02.prefab using Guid(94ab8494a7e97d64589d8d825e6844e4) Importer(815301076,1909f56bfc062723c751e8b465ee728b)  -> (artifact id: '67bfa1127480725bae5dee6f8122b618') in 0.058719 seconds 
========================================================================
Received Import Request.
  Time since last request: 57.793567 seconds.
  path: Assets/Medival_House/Textures/House_01.png
  artifactKey: Guid(c40d488b2e8626742b5915c0d6f62fc2) Importer(815301076,1909f56bfc062723c751e8b465ee728b)
Start importing Assets/Medival_House/Textures/House_01.png using Guid(c40d488b2e8626742b5915c0d6f62fc2) Importer(815301076,1909f56bfc062723c751e8b465ee728b)  -> (artifact id: 'f76cf6f4733785df7706026b9384b9b2') in 0.055783 seconds 
========================================================================
Received Import Request.
  Time since last request: 0.000019 seconds.
  path: Assets/Medival_House/Textures/Rock.png
  artifactKey: Guid(6aeb7389ff3fea544a7277ab0c33e039) Importer(815301076,1909f56bfc062723c751e8b465ee728b)
Start importing Assets/Medival_House/Textures/Rock.png using Guid(6aeb7389ff3fea544a7277ab0c33e039) Importer(815301076,1909f56bfc062723c751e8b465ee728b)  -> (artifact id: '21482024792534bdda73dc73ff20608c') in 0.050038 seconds 
========================================================================
Received Import Request.
  Time since last request: 2.135927 seconds.
  path: Assets/Medival_House/Prefabs/Stones/Stones_01.prefab
  artifactKey: Guid(6e1d8f5d57499924192af6e5a6ba0c3d) Importer(815301076,1909f56bfc062723c751e8b465ee728b)
Start importing Assets/Medival_House/Prefabs/Stones/Stones_01.prefab using Guid(6e1d8f5d57499924192af6e5a6ba0c3d) Importer(815301076,1909f56bfc062723c751e8b465ee728b)  -> (artifact id: '3db2fb963a4cdd889d68cbc083522267') in 0.014906 seconds 
========================================================================
Received Import Request.
  Time since last request: 0.000018 seconds.
  path: Assets/Medival_House/Prefabs/Stones/Stones_03.prefab
  artifactKey: Guid(dd7725a7babd2c840984ac511f96b1fa) Importer(815301076,1909f56bfc062723c751e8b465ee728b)
Start importing Assets/Medival_House/Prefabs/Stones/Stones_03.prefab using Guid(dd7725a7babd2c840984ac511f96b1fa) Importer(815301076,1909f56bfc062723c751e8b465ee728b)  -> (artifact id: '8c7c7ab4101f240772d605e4159917ff') in 0.016351 seconds 
========================================================================
Received Import Request.
  Time since last request: 67.118697 seconds.
  path: Assets/MaximeBrunoni/BridgesPack/Art/Meshes/BridgeHanging.fbx
  artifactKey: Guid(90e6e3e05613b6942979075cfaf65038) Importer(815301076,1909f56bfc062723c751e8b465ee728b)
Start importing Assets/MaximeBrunoni/BridgesPack/Art/Meshes/BridgeHanging.fbx using Guid(90e6e3e05613b6942979075cfaf65038) Importer(815301076,1909f56bfc062723c751e8b465ee728b)  -> (artifact id: '8f454a7d2d322e355ec73086812fe739') in 0.104374 seconds 
========================================================================
Received Import Request.
  Time since last request: 0.000029 seconds.
  path: Assets/MaximeBrunoni/BridgesPack/Art/Meshes/SmallBoat.fbx
  artifactKey: Guid(96fb5f7e612ed0e449c24cb45dbfbdbe) Importer(815301076,1909f56bfc062723c751e8b465ee728b)
Start importing Assets/MaximeBrunoni/BridgesPack/Art/Meshes/SmallBoat.fbx using Guid(96fb5f7e612ed0e449c24cb45dbfbdbe) Importer(815301076,1909f56bfc062723c751e8b465ee728b)  -> (artifact id: 'a4a02e0cfb1bc2cf700696d9b23bf557') in 0.094625 seconds 
========================================================================
Received Import Request.
  Time since last request: 0.000025 seconds.
  path: Assets/MaximeBrunoni/BridgesPack/Art/Meshes/Tree.fbx
  artifactKey: Guid(006fb49c547b45043b6037559e90beb9) Importer(815301076,1909f56bfc062723c751e8b465ee728b)
Start importing Assets/MaximeBrunoni/BridgesPack/Art/Meshes/Tree.fbx using Guid(006fb49c547b45043b6037559e90beb9) Importer(815301076,1909f56bfc062723c751e8b465ee728b)  -> (artifact id: '0d312c3b36cf69dd60196b75c17a2ac5') in 0.064614 seconds 
========================================================================
Received Import Request.
  Time since last request: 0.000019 seconds.
  path: Assets/MaximeBrunoni/BridgesPack/Art/Meshes/Pedestal.fbx
  artifactKey: Guid(162478e743dc86e4186c7867ffed50c1) Importer(815301076,1909f56bfc062723c751e8b465ee728b)
Start importing Assets/MaximeBrunoni/BridgesPack/Art/Meshes/Pedestal.fbx using Guid(162478e743dc86e4186c7867ffed50c1) Importer(815301076,1909f56bfc062723c751e8b465ee728b)  -> (artifact id: '2162dd7648286cbe0afa1dbb3db7844b') in 0.028238 seconds 
========================================================================
Received Import Request.
  Time since last request: 11.828586 seconds.
  path: Assets/MaximeBrunoni/BridgesPack/Art/Textures/BridgeRockBroken
  artifactKey: Guid(f9311cbfc007e104e9a6cb7130875019) Importer(815301076,1909f56bfc062723c751e8b465ee728b)
Start importing Assets/MaximeBrunoni/BridgesPack/Art/Textures/BridgeRockBroken using Guid(f9311cbfc007e104e9a6cb7130875019) Importer(815301076,1909f56bfc062723c751e8b465ee728b)  -> (artifact id: '38fa2b07894f6cfdfe7f9d3dcd3b6e59') in 0.002500 seconds 
========================================================================
Received Import Request.
  Time since last request: 0.098067 seconds.
  path: Assets/MaximeBrunoni/BridgesPack/Art/Textures/BridgeRockBroken/bridge_rock_broken_01_AlbedoTransparency.png
  artifactKey: Guid(a63601eb5aa9e0f459a7a5d924ab2f61) Importer(815301076,1909f56bfc062723c751e8b465ee728b)
Start importing Assets/MaximeBrunoni/BridgesPack/Art/Textures/BridgeRockBroken/bridge_rock_broken_01_AlbedoTransparency.png using Guid(a63601eb5aa9e0f459a7a5d924ab2f61) Importer(815301076,1909f56bfc062723c751e8b465ee728b)  -> (artifact id: '295862e40b9660cb65f61e22c3d5d326') in 0.064588 seconds 
========================================================================
Received Import Request.
  Time since last request: 9.348543 seconds.
  path: Assets/MaximeBrunoni/BridgesPack/Art/Textures/BridgeRock/bridge_rock_01_AlbedoTransparency.png
  artifactKey: Guid(9bdccd9e0ba18294eb1594f10070c8ff) Importer(815301076,1909f56bfc062723c751e8b465ee728b)
Start importing Assets/MaximeBrunoni/BridgesPack/Art/Textures/BridgeRock/bridge_rock_01_AlbedoTransparency.png using Guid(9bdccd9e0ba18294eb1594f10070c8ff) Importer(815301076,1909f56bfc062723c751e8b465ee728b)  -> (artifact id: '53cdd4eeed639832cfdb3014c9e26147') in 0.028402 seconds 
========================================================================
Received Import Request.
  Time since last request: 10.571147 seconds.
  path: Assets/MaximeBrunoni/BridgesPack/Art/Textures/BridgePontoon/bridge_pontoon_01_AlbedoTransparency.png
  artifactKey: Guid(ec3af77f993aeb54abfa48aecb82bea2) Importer(815301076,1909f56bfc062723c751e8b465ee728b)
Start importing Assets/MaximeBrunoni/BridgesPack/Art/Textures/BridgePontoon/bridge_pontoon_01_AlbedoTransparency.png using Guid(ec3af77f993aeb54abfa48aecb82bea2) Importer(815301076,1909f56bfc062723c751e8b465ee728b)  -> (artifact id: '2ff1fa56e0223978e0ffb604a2e30d4f') in 0.044885 seconds 
========================================================================
Received Import Request.
  Time since last request: 1.152359 seconds.
  path: Assets/MaximeBrunoni/BridgesPack/Art/Textures/BridgeHanging/bridge_hanging_01_AlbedoTransparency.png
  artifactKey: Guid(8a3782bd0202b6348a49e41f9306506a) Importer(815301076,1909f56bfc062723c751e8b465ee728b)
Start importing Assets/MaximeBrunoni/BridgesPack/Art/Textures/BridgeHanging/bridge_hanging_01_AlbedoTransparency.png using Guid(8a3782bd0202b6348a49e41f9306506a) Importer(815301076,1909f56bfc062723c751e8b465ee728b)  -> (artifact id: '164db92a4a878add6d026d186aa54602') in 0.025802 seconds 
========================================================================
Received Import Request.
  Time since last request: 21.807189 seconds.
  path: Assets/MaximeBrunoni/BridgesPack/Art/Textures/BridgeHanging
  artifactKey: Guid(2f6421c12dd415041901b5a19fc4457f) Importer(815301076,1909f56bfc062723c751e8b465ee728b)
Start importing Assets/MaximeBrunoni/BridgesPack/Art/Textures/BridgeHanging using Guid(2f6421c12dd415041901b5a19fc4457f) Importer(815301076,1909f56bfc062723c751e8b465ee728b)  -> (artifact id: '8a113d38bc58a3380e15469606284134') in 0.002409 seconds 
========================================================================
Received Import Request.
  Time since last request: 22.892845 seconds.
  path: Assets/MaximeBrunoni/BridgesPack/Demo/PostProcessProfile
  artifactKey: Guid(4f4520600ce7d2c4092ad5e6823fcc88) Importer(815301076,1909f56bfc062723c751e8b465ee728b)
Start importing Assets/MaximeBrunoni/BridgesPack/Demo/PostProcessProfile using Guid(4f4520600ce7d2c4092ad5e6823fcc88) Importer(815301076,1909f56bfc062723c751e8b465ee728b)  -> (artifact id: '5116c371b29c85a25b52a9510d8adc91') in 0.011980 seconds 
========================================================================
Received Import Request.
  Time since last request: 0.048391 seconds.
  path: Assets/MaximeBrunoni/BridgesPack/Demo/PostProcessProfile/DemoSceneProfile.asset
  artifactKey: Guid(98fd5976c898b0a4498f558e990986ed) Importer(815301076,1909f56bfc062723c751e8b465ee728b)
Start importing Assets/MaximeBrunoni/BridgesPack/Demo/PostProcessProfile/DemoSceneProfile.asset using Guid(98fd5976c898b0a4498f558e990986ed) Importer(815301076,1909f56bfc062723c751e8b465ee728b)  -> (artifact id: '92d935c36fb624ec8dcf04d31c69436e') in 0.011088 seconds 
========================================================================
Received Import Request.
  Time since last request: 2.442297 seconds.
  path: Assets/MaximeBrunoni/BridgesPack/Art/Textures/SmallBoat/small_boat_01_AlbedoTransparency.png
  artifactKey: Guid(1d34e303a29cc504fa0524ff8432bf43) Importer(815301076,1909f56bfc062723c751e8b465ee728b)
Start importing Assets/MaximeBrunoni/BridgesPack/Art/Textures/SmallBoat/small_boat_01_AlbedoTransparency.png using Guid(1d34e303a29cc504fa0524ff8432bf43) Importer(815301076,1909f56bfc062723c751e8b465ee728b)  -> (artifact id: 'bd1d2f5b4e1fffc50686e69003fd2835') in 0.027499 seconds 
========================================================================
Received Import Request.
  Time since last request: 4.751215 seconds.
  path: Assets/MaximeBrunoni/BridgesPack/Art/Textures/Tree/foliage_01.png
  artifactKey: Guid(199a0f7034c7eb846937b775474c2c10) Importer(815301076,1909f56bfc062723c751e8b465ee728b)
Start importing Assets/MaximeBrunoni/BridgesPack/Art/Textures/Tree/foliage_01.png using Guid(199a0f7034c7eb846937b775474c2c10) Importer(815301076,1909f56bfc062723c751e8b465ee728b)  -> (artifact id: '5381df9d6d37b2a8c1182cf123d232db') in 0.041146 seconds 
========================================================================
Received Import Request.
  Time since last request: 0.000025 seconds.
  path: Assets/MaximeBrunoni/BridgesPack/Art/Textures/Tree/trunk_01_Normal.png
  artifactKey: Guid(da48184a4a5c81240acbd9a1d29d2c2c) Importer(815301076,1909f56bfc062723c751e8b465ee728b)
Start importing Assets/MaximeBrunoni/BridgesPack/Art/Textures/Tree/trunk_01_Normal.png using Guid(da48184a4a5c81240acbd9a1d29d2c2c) Importer(815301076,1909f56bfc062723c751e8b465ee728b)  -> (artifact id: '96b2bb04ff3c57a6f871910184d73e1a') in 0.049151 seconds 
========================================================================
Received Import Request.
  Time since last request: 376.301542 seconds.
  path: Assets/Medival_House/Materials
  artifactKey: Guid(539316cca4f3d3743839838fedc0f1d4) Importer(815301076,1909f56bfc062723c751e8b465ee728b)
Start importing Assets/Medival_House/Materials using Guid(539316cca4f3d3743839838fedc0f1d4) Importer(815301076,1909f56bfc062723c751e8b465ee728b)  -> (artifact id: 'aee8c69d5294a9b752832c0b67d3ad87') in 0.011123 seconds 
========================================================================
Received Import Request.
  Time since last request: 0.048443 seconds.
  path: Assets/Medival_House/Materials/Floor.mat
  artifactKey: Guid(4288f9a531e41af4eb852a5df3da0cb8) Importer(815301076,1909f56bfc062723c751e8b465ee728b)
Start importing Assets/Medival_House/Materials/Floor.mat using Guid(4288f9a531e41af4eb852a5df3da0cb8) Importer(815301076,1909f56bfc062723c751e8b465ee728b)  -> (artifact id: 'e153119f4a43b12d3a7e20251286e6b7') in 0.029581 seconds 
========================================================================
Received Import Request.
  Time since last request: 0.000025 seconds.
  path: Assets/Medival_House/Materials/Rock.mat
  artifactKey: Guid(3f7aa212c13536345b19664257c9a5f5) Importer(815301076,1909f56bfc062723c751e8b465ee728b)
Start importing Assets/Medival_House/Materials/Rock.mat using Guid(3f7aa212c13536345b19664257c9a5f5) Importer(815301076,1909f56bfc062723c751e8b465ee728b)  -> (artifact id: 'eb2003b38f55b093005560234ae10fd0') in 0.009941 seconds 
========================================================================
Received Import Request.
  Time since last request: 0.000019 seconds.
  path: Assets/Medival_House/Materials/Needle.mat
  artifactKey: Guid(754067b08fbd93741b0c6c7f1a4d943b) Importer(815301076,1909f56bfc062723c751e8b465ee728b)
Start importing Assets/Medival_House/Materials/Needle.mat using Guid(754067b08fbd93741b0c6c7f1a4d943b) Importer(815301076,1909f56bfc062723c751e8b465ee728b)  -> (artifact id: '1a4658e83fd493acd09fc2a8c0d7aaf6') in 0.011598 seconds 
========================================================================
Received Import Request.
  Time since last request: 0.000018 seconds.
  path: Assets/Medival_House/Materials/Rock_Stand.mat
  artifactKey: Guid(44670370327c1c443a05bc7057e99d4f) Importer(815301076,1909f56bfc062723c751e8b465ee728b)
Start importing Assets/Medival_House/Materials/Rock_Stand.mat using Guid(44670370327c1c443a05bc7057e99d4f) Importer(815301076,1909f56bfc062723c751e8b465ee728b)  -> (artifact id: 'b029d507e6e61ff25cb4b6444ec720c4') in 0.029263 seconds 
========================================================================
Received Import Request.
  Time since last request: 3.466239 seconds.
  path: Assets/Medival_House/Materials/House
  artifactKey: Guid(ccb54eef7d76ff64c9519f601bbec6e0) Importer(815301076,1909f56bfc062723c751e8b465ee728b)
Start importing Assets/Medival_House/Materials/House using Guid(ccb54eef7d76ff64c9519f601bbec6e0) Importer(815301076,1909f56bfc062723c751e8b465ee728b)  -> (artifact id: 'b42d2be86b9712e29867b2eb2b7bdb02') in 0.011388 seconds 
========================================================================
Received Import Request.
  Time since last request: 0.059384 seconds.
  path: Assets/Medival_House/Materials/House/House_01.mat
  artifactKey: Guid(57c73abbce4e9b041a8537a9d3089a14) Importer(815301076,1909f56bfc062723c751e8b465ee728b)
Start importing Assets/Medival_House/Materials/House/House_01.mat using Guid(57c73abbce4e9b041a8537a9d3089a14) Importer(815301076,1909f56bfc062723c751e8b465ee728b)  -> (artifact id: '260be6f22099b25576b437e1849d8217') in 0.027679 seconds 
========================================================================
Received Import Request.
  Time since last request: 0.999959 seconds.
  path: Assets/Medival_House/Meshes/Medivel_House v2.fbx
  artifactKey: Guid(6e4d23732a1d5b74f865e300f30080cd) Importer(815301076,1909f56bfc062723c751e8b465ee728b)
Start importing Assets/Medival_House/Meshes/Medivel_House v2.fbx using Guid(6e4d23732a1d5b74f865e300f30080cd) Importer(815301076,1909f56bfc062723c751e8b465ee728b)  -> (artifact id: '74033300b6b20e6b46e3ae5268c9af2a') in 0.023224 seconds 
========================================================================
Received Import Request.
  Time since last request: 0.000019 seconds.
  path: Assets/Medival_House/Meshes/Stones.fbx
  artifactKey: Guid(3d1299cb33a0e4c41a45cfe84ce34175) Importer(815301076,1909f56bfc062723c751e8b465ee728b)
Start importing Assets/Medival_House/Meshes/Stones.fbx using Guid(3d1299cb33a0e4c41a45cfe84ce34175) Importer(815301076,1909f56bfc062723c751e8b465ee728b)  -> (artifact id: 'ba4d017a270b7cab199cf7f3dbd8fe57') in 0.054550 seconds 
Editor requested this worker to shutdown with reason: Scaling down because of idle timeout
AssetImportWorker is now disconnected from the server
Process exiting
Exiting without the bug reporter. Application will terminate with return code 0